<?xml version="1.0" encoding="UTF-8"?>
<coverage generated="1755501310">
  <project timestamp="1755501310">
    <file name="C:\Users\shaun\OneDrive\Documents\Projects\PHP\Superclasses\src\Angle.php">
      <class name="Superclasses\Angle" namespace="global">
        <metrics complexity="93" methods="43" coveredmethods="0" conditionals="0" coveredconditionals="0" statements="170" coveredstatements="0" elements="213" coveredelements="0"/>
      </class>
      <line num="54" type="method" name="__construct" visibility="private" complexity="1" crap="2" count="0"/>
      <line num="56" type="stmt" count="0"/>
      <line num="68" type="method" name="fromRadians" visibility="public" complexity="1" crap="2" count="0"/>
      <line num="70" type="stmt" count="0"/>
      <line num="79" type="method" name="fromDegrees" visibility="public" complexity="1" crap="2" count="0"/>
      <line num="81" type="stmt" count="0"/>
      <line num="99" type="method" name="fromDMS" visibility="public" complexity="1" crap="2" count="0"/>
      <line num="102" type="stmt" count="0"/>
      <line num="103" type="stmt" count="0"/>
      <line num="112" type="method" name="fromGradians" visibility="public" complexity="1" crap="2" count="0"/>
      <line num="114" type="stmt" count="0"/>
      <line num="123" type="method" name="fromTurns" visibility="public" complexity="1" crap="2" count="0"/>
      <line num="125" type="stmt" count="0"/>
      <line num="136" type="method" name="toRadians" visibility="public" complexity="1" crap="2" count="0"/>
      <line num="138" type="stmt" count="0"/>
      <line num="146" type="method" name="toDegrees" visibility="public" complexity="1" crap="2" count="0"/>
      <line num="148" type="stmt" count="0"/>
      <line num="165" type="method" name="toDMS" visibility="public" complexity="18" crap="342" count="0"/>
      <line num="167" type="stmt" count="0"/>
      <line num="168" type="stmt" count="0"/>
      <line num="169" type="stmt" count="0"/>
      <line num="172" type="stmt" count="0"/>
      <line num="173" type="stmt" count="0"/>
      <line num="176" type="stmt" count="0"/>
      <line num="177" type="stmt" count="0"/>
      <line num="181" type="stmt" count="0"/>
      <line num="184" type="stmt" count="0"/>
      <line num="186" type="stmt" count="0"/>
      <line num="188" type="stmt" count="0"/>
      <line num="190" type="stmt" count="0"/>
      <line num="191" type="stmt" count="0"/>
      <line num="194" type="stmt" count="0"/>
      <line num="195" type="stmt" count="0"/>
      <line num="199" type="stmt" count="0"/>
      <line num="200" type="stmt" count="0"/>
      <line num="201" type="stmt" count="0"/>
      <line num="205" type="stmt" count="0"/>
      <line num="206" type="stmt" count="0"/>
      <line num="209" type="stmt" count="0"/>
      <line num="210" type="stmt" count="0"/>
      <line num="212" type="stmt" count="0"/>
      <line num="214" type="stmt" count="0"/>
      <line num="216" type="stmt" count="0"/>
      <line num="217" type="stmt" count="0"/>
      <line num="218" type="stmt" count="0"/>
      <line num="219" type="stmt" count="0"/>
      <line num="222" type="stmt" count="0"/>
      <line num="223" type="stmt" count="0"/>
      <line num="227" type="stmt" count="0"/>
      <line num="228" type="stmt" count="0"/>
      <line num="229" type="stmt" count="0"/>
      <line num="231" type="stmt" count="0"/>
      <line num="232" type="stmt" count="0"/>
      <line num="233" type="stmt" count="0"/>
      <line num="237" type="stmt" count="0"/>
      <line num="238" type="stmt" count="0"/>
      <line num="239" type="stmt" count="0"/>
      <line num="242" type="stmt" count="0"/>
      <line num="243" type="stmt" count="0"/>
      <line num="244" type="stmt" count="0"/>
      <line num="246" type="stmt" count="0"/>
      <line num="249" type="stmt" count="0"/>
      <line num="258" type="method" name="toGradians" visibility="public" complexity="1" crap="2" count="0"/>
      <line num="260" type="stmt" count="0"/>
      <line num="268" type="method" name="toTurns" visibility="public" complexity="1" crap="2" count="0"/>
      <line num="270" type="stmt" count="0"/>
      <line num="282" type="method" name="add" visibility="public" complexity="1" crap="2" count="0"/>
      <line num="284" type="stmt" count="0"/>
      <line num="293" type="method" name="sub" visibility="public" complexity="1" crap="2" count="0"/>
      <line num="295" type="stmt" count="0"/>
      <line num="304" type="method" name="mul" visibility="public" complexity="1" crap="2" count="0"/>
      <line num="306" type="stmt" count="0"/>
      <line num="315" type="method" name="div" visibility="public" complexity="4" crap="20" count="0"/>
      <line num="317" type="stmt" count="0"/>
      <line num="318" type="stmt" count="0"/>
      <line num="321" type="stmt" count="0"/>
      <line num="329" type="method" name="abs" visibility="public" complexity="1" crap="2" count="0"/>
      <line num="331" type="stmt" count="0"/>
      <line num="349" type="method" name="compare" visibility="public" complexity="4" crap="20" count="0"/>
      <line num="352" type="stmt" count="0"/>
      <line num="353" type="stmt" count="0"/>
      <line num="357" type="stmt" count="0"/>
      <line num="360" type="stmt" count="0"/>
      <line num="361" type="stmt" count="0"/>
      <line num="365" type="stmt" count="0"/>
      <line num="375" type="method" name="equals" visibility="public" complexity="1" crap="2" count="0"/>
      <line num="377" type="stmt" count="0"/>
      <line num="391" type="method" name="_inverse" visibility="private" complexity="2" crap="6" count="0"/>
      <line num="394" type="stmt" count="0"/>
      <line num="395" type="stmt" count="0"/>
      <line num="399" type="stmt" count="0"/>
      <line num="407" type="method" name="sin" visibility="public" complexity="1" crap="2" count="0"/>
      <line num="409" type="stmt" count="0"/>
      <line num="417" type="method" name="cos" visibility="public" complexity="1" crap="2" count="0"/>
      <line num="419" type="stmt" count="0"/>
      <line num="427" type="method" name="tan" visibility="public" complexity="2" crap="6" count="0"/>
      <line num="429" type="stmt" count="0"/>
      <line num="430" type="stmt" count="0"/>
      <line num="434" type="stmt" count="0"/>
      <line num="435" type="stmt" count="0"/>
      <line num="439" type="stmt" count="0"/>
      <line num="447" type="method" name="sec" visibility="public" complexity="1" crap="2" count="0"/>
      <line num="449" type="stmt" count="0"/>
      <line num="457" type="method" name="csc" visibility="public" complexity="1" crap="2" count="0"/>
      <line num="459" type="stmt" count="0"/>
      <line num="467" type="method" name="cot" visibility="public" complexity="1" crap="2" count="0"/>
      <line num="469" type="stmt" count="0"/>
      <line num="477" type="method" name="sinh" visibility="public" complexity="1" crap="2" count="0"/>
      <line num="479" type="stmt" count="0"/>
      <line num="487" type="method" name="cosh" visibility="public" complexity="1" crap="2" count="0"/>
      <line num="489" type="stmt" count="0"/>
      <line num="497" type="method" name="tanh" visibility="public" complexity="1" crap="2" count="0"/>
      <line num="499" type="stmt" count="0"/>
      <line num="507" type="method" name="sech" visibility="public" complexity="1" crap="2" count="0"/>
      <line num="509" type="stmt" count="0"/>
      <line num="517" type="method" name="csch" visibility="public" complexity="1" crap="2" count="0"/>
      <line num="519" type="stmt" count="0"/>
      <line num="527" type="method" name="coth" visibility="public" complexity="1" crap="2" count="0"/>
      <line num="529" type="stmt" count="0"/>
      <line num="545" type="method" name="wrap" visibility="public" complexity="1" crap="2" count="0"/>
      <line num="547" type="stmt" count="0"/>
      <line num="560" type="method" name="wrapThis" visibility="public" complexity="1" crap="2" count="0"/>
      <line num="562" type="stmt" count="0"/>
      <line num="563" type="stmt" count="0"/>
      <line num="577" type="method" name="_wrapScalar" visibility="private" complexity="6" crap="42" count="0"/>
      <line num="580" type="stmt" count="0"/>
      <line num="583" type="stmt" count="0"/>
      <line num="584" type="stmt" count="0"/>
      <line num="585" type="stmt" count="0"/>
      <line num="588" type="stmt" count="0"/>
      <line num="589" type="stmt" count="0"/>
      <line num="591" type="stmt" count="0"/>
      <line num="592" type="stmt" count="0"/>
      <line num="596" type="stmt" count="0"/>
      <line num="597" type="stmt" count="0"/>
      <line num="600" type="stmt" count="0"/>
      <line num="610" type="method" name="wrapRadians" visibility="public" complexity="1" crap="2" count="0"/>
      <line num="612" type="stmt" count="0"/>
      <line num="622" type="method" name="wrapDegrees" visibility="public" complexity="1" crap="2" count="0"/>
      <line num="624" type="stmt" count="0"/>
      <line num="634" type="method" name="wrapGradians" visibility="public" complexity="1" crap="2" count="0"/>
      <line num="636" type="stmt" count="0"/>
      <line num="649" type="method" name="_formatFloat" visibility="private" complexity="3" crap="12" count="0"/>
      <line num="652" type="stmt" count="0"/>
      <line num="657" type="stmt" count="0"/>
      <line num="658" type="stmt" count="0"/>
      <line num="659" type="stmt" count="0"/>
      <line num="669" type="method" name="_formatDMS" visibility="private" complexity="6" crap="42" count="0"/>
      <line num="672" type="stmt" count="0"/>
      <line num="675" type="stmt" count="0"/>
      <line num="678" type="stmt" count="0"/>
      <line num="679" type="stmt" count="0"/>
      <line num="680" type="stmt" count="0"/>
      <line num="681" type="stmt" count="0"/>
      <line num="683" type="stmt" count="0"/>
      <line num="684" type="stmt" count="0"/>
      <line num="685" type="stmt" count="0"/>
      <line num="686" type="stmt" count="0"/>
      <line num="688" type="stmt" count="0"/>
      <line num="689" type="stmt" count="0"/>
      <line num="690" type="stmt" count="0"/>
      <line num="691" type="stmt" count="0"/>
      <line num="697" type="stmt" count="0"/>
      <line num="715" type="method" name="format" visibility="public" complexity="3" crap="12" count="0"/>
      <line num="718" type="stmt" count="0"/>
      <line num="719" type="stmt" count="0"/>
      <line num="722" type="stmt" count="0"/>
      <line num="723" type="stmt" count="0"/>
      <line num="724" type="stmt" count="0"/>
      <line num="725" type="stmt" count="0"/>
      <line num="726" type="stmt" count="0"/>
      <line num="727" type="stmt" count="0"/>
      <line num="728" type="stmt" count="0"/>
      <line num="729" type="stmt" count="0"/>
      <line num="730" type="stmt" count="0"/>
      <line num="731" type="stmt" count="0"/>
      <line num="732" type="stmt" count="0"/>
      <line num="733" type="stmt" count="0"/>
      <line num="754" type="method" name="fromString" visibility="public" complexity="11" crap="132" count="0"/>
      <line num="757" type="stmt" count="0"/>
      <line num="760" type="stmt" count="0"/>
      <line num="761" type="stmt" count="0"/>
      <line num="762" type="stmt" count="0"/>
      <line num="767" type="stmt" count="0"/>
      <line num="768" type="stmt" count="0"/>
      <line num="769" type="stmt" count="0"/>
      <line num="770" type="stmt" count="0"/>
      <line num="771" type="stmt" count="0"/>
      <line num="772" type="stmt" count="0"/>
      <line num="774" type="stmt" count="0"/>
      <line num="775" type="stmt" count="0"/>
      <line num="779" type="stmt" count="0"/>
      <line num="782" type="stmt" count="0"/>
      <line num="783" type="stmt" count="0"/>
      <line num="784" type="stmt" count="0"/>
      <line num="787" type="stmt" count="0"/>
      <line num="791" type="stmt" count="0"/>
      <line num="792" type="stmt" count="0"/>
      <line num="793" type="stmt" count="0"/>
      <line num="794" type="stmt" count="0"/>
      <line num="795" type="stmt" count="0"/>
      <line num="796" type="stmt" count="0"/>
      <line num="797" type="stmt" count="0"/>
      <line num="798" type="stmt" count="0"/>
      <line num="802" type="stmt" count="0"/>
      <line num="815" type="method" name="tryParse" visibility="public" complexity="2" crap="6" count="0"/>
      <line num="818" type="stmt" count="0"/>
      <line num="819" type="stmt" count="0"/>
      <line num="820" type="stmt" count="0"/>
      <line num="821" type="stmt" count="0"/>
      <line num="822" type="stmt" count="0"/>
      <line num="834" type="method" name="__toString" visibility="public" complexity="1" crap="2" count="0"/>
      <line num="836" type="stmt" count="0"/>
      <metrics loc="839" ncloc="455" classes="1" methods="43" coveredmethods="0" conditionals="0" coveredconditionals="0" statements="170" coveredstatements="0" elements="213" coveredelements="0"/>
    </file>
    <file name="C:\Users\shaun\OneDrive\Documents\Projects\PHP\Superclasses\src\Color.php">
      <class name="Superclasses\Color" namespace="global">
        <metrics complexity="73" methods="41" coveredmethods="0" conditionals="0" coveredconditionals="0" statements="201" coveredstatements="0" elements="242" coveredelements="0"/>
      </class>
      <line num="224" type="method" name="__construct" visibility="public" complexity="1" crap="2" count="0"/>
      <line num="226" type="stmt" count="0"/>
      <line num="227" type="stmt" count="0"/>
      <line num="241" type="method" name="fromRgba" visibility="public" complexity="1" crap="2" count="0"/>
      <line num="243" type="stmt" count="0"/>
      <line num="246" type="stmt" count="0"/>
      <line num="247" type="stmt" count="0"/>
      <line num="248" type="stmt" count="0"/>
      <line num="249" type="stmt" count="0"/>
      <line num="252" type="stmt" count="0"/>
      <line num="254" type="stmt" count="0"/>
      <line num="267" type="method" name="fromHsla" visibility="public" complexity="1" crap="2" count="0"/>
      <line num="270" type="stmt" count="0"/>
      <line num="271" type="stmt" count="0"/>
      <line num="272" type="stmt" count="0"/>
      <line num="273" type="stmt" count="0"/>
      <line num="276" type="stmt" count="0"/>
      <line num="279" type="stmt" count="0"/>
      <line num="292" type="method" name="toRgba" visibility="public" complexity="1" crap="2" count="0"/>
      <line num="294" type="stmt" count="0"/>
      <line num="295" type="stmt" count="0"/>
      <line num="296" type="stmt" count="0"/>
      <line num="297" type="stmt" count="0"/>
      <line num="298" type="stmt" count="0"/>
      <line num="299" type="stmt" count="0"/>
      <line num="311" type="method" name="toHsla" visibility="public" complexity="1" crap="2" count="0"/>
      <line num="313" type="stmt" count="0"/>
      <line num="314" type="stmt" count="0"/>
      <line num="315" type="stmt" count="0"/>
      <line num="323" type="method" name="toArray" visibility="public" complexity="1" crap="2" count="0"/>
      <line num="325" type="stmt" count="0"/>
      <line num="326" type="stmt" count="0"/>
      <line num="327" type="stmt" count="0"/>
      <line num="328" type="stmt" count="0"/>
      <line num="329" type="stmt" count="0"/>
      <line num="330" type="stmt" count="0"/>
      <line num="331" type="stmt" count="0"/>
      <line num="332" type="stmt" count="0"/>
      <line num="333" type="stmt" count="0"/>
      <line num="334" type="stmt" count="0"/>
      <line num="348" type="method" name="equals" visibility="public" complexity="1" crap="2" count="0"/>
      <line num="350" type="stmt" count="0"/>
      <line num="364" type="method" name="gamma" visibility="public" complexity="2" crap="6" count="0"/>
      <line num="366" type="stmt" count="0"/>
      <line num="369" type="stmt" count="0"/>
      <line num="378" type="method" name="contrastRatio" visibility="public" complexity="1" crap="2" count="0"/>
      <line num="380" type="stmt" count="0"/>
      <line num="381" type="stmt" count="0"/>
      <line num="382" type="stmt" count="0"/>
      <line num="390" type="method" name="bestTextColor" visibility="public" complexity="2" crap="6" count="0"/>
      <line num="392" type="stmt" count="0"/>
      <line num="393" type="stmt" count="0"/>
      <line num="394" type="stmt" count="0"/>
      <line num="408" type="method" name="mix" visibility="public" complexity="3" crap="12" count="0"/>
      <line num="411" type="stmt" count="0"/>
      <line num="414" type="stmt" count="0"/>
      <line num="415" type="stmt" count="0"/>
      <line num="418" type="stmt" count="0"/>
      <line num="419" type="stmt" count="0"/>
      <line num="423" type="stmt" count="0"/>
      <line num="424" type="stmt" count="0"/>
      <line num="425" type="stmt" count="0"/>
      <line num="426" type="stmt" count="0"/>
      <line num="427" type="stmt" count="0"/>
      <line num="430" type="stmt" count="0"/>
      <line num="438" type="method" name="complement" visibility="public" complexity="1" crap="2" count="0"/>
      <line num="440" type="stmt" count="0"/>
      <line num="441" type="stmt" count="0"/>
      <line num="451" type="method" name="average" visibility="public" complexity="4" crap="20" count="0"/>
      <line num="454" type="stmt" count="0"/>
      <line num="455" type="stmt" count="0"/>
      <line num="456" type="stmt" count="0"/>
      <line num="460" type="stmt" count="0"/>
      <line num="461" type="stmt" count="0"/>
      <line num="465" type="stmt" count="0"/>
      <line num="466" type="stmt" count="0"/>
      <line num="467" type="stmt" count="0"/>
      <line num="468" type="stmt" count="0"/>
      <line num="469" type="stmt" count="0"/>
      <line num="470" type="stmt" count="0"/>
      <line num="471" type="stmt" count="0"/>
      <line num="472" type="stmt" count="0"/>
      <line num="473" type="stmt" count="0"/>
      <line num="477" type="stmt" count="0"/>
      <line num="478" type="stmt" count="0"/>
      <line num="479" type="stmt" count="0"/>
      <line num="480" type="stmt" count="0"/>
      <line num="481" type="stmt" count="0"/>
      <line num="484" type="stmt" count="0"/>
      <line num="502" type="method" name="_setRgbaBytes" visibility="private" complexity="1" crap="2" count="0"/>
      <line num="504" type="stmt" count="0"/>
      <line num="515" type="method" name="_setRgbaBytesFromHsl" visibility="private" complexity="1" crap="2" count="0"/>
      <line num="517" type="stmt" count="0"/>
      <line num="518" type="stmt" count="0"/>
      <line num="529" type="method" name="_getByte" visibility="private" complexity="1" crap="2" count="0"/>
      <line num="531" type="stmt" count="0"/>
      <line num="544" type="method" name="_setByte" visibility="private" complexity="1" crap="2" count="0"/>
      <line num="547" type="stmt" count="0"/>
      <line num="550" type="stmt" count="0"/>
      <line num="564" type="method" name="_angleToString" visibility="private" complexity="1" crap="2" count="0"/>
      <line num="566" type="stmt" count="0"/>
      <line num="575" type="method" name="_fracToPercentString" visibility="private" complexity="1" crap="2" count="0"/>
      <line num="577" type="stmt" count="0"/>
      <line num="586" type="method" name="_byteToFracString" visibility="private" complexity="1" crap="2" count="0"/>
      <line num="588" type="stmt" count="0"/>
      <line num="599" type="method" name="toHexString" visibility="public" complexity="4" crap="20" count="0"/>
      <line num="602" type="stmt" count="0"/>
      <line num="605" type="stmt" count="0"/>
      <line num="606" type="stmt" count="0"/>
      <line num="610" type="stmt" count="0"/>
      <line num="611" type="stmt" count="0"/>
      <line num="615" type="stmt" count="0"/>
      <line num="623" type="method" name="toRgbString" visibility="public" complexity="1" crap="2" count="0"/>
      <line num="625" type="stmt" count="0"/>
      <line num="633" type="method" name="toRgbaString" visibility="public" complexity="1" crap="2" count="0"/>
      <line num="635" type="stmt" count="0"/>
      <line num="636" type="stmt" count="0"/>
      <line num="644" type="method" name="toHslString" visibility="public" complexity="1" crap="2" count="0"/>
      <line num="646" type="stmt" count="0"/>
      <line num="647" type="stmt" count="0"/>
      <line num="648" type="stmt" count="0"/>
      <line num="649" type="stmt" count="0"/>
      <line num="650" type="stmt" count="0"/>
      <line num="658" type="method" name="toHslaString" visibility="public" complexity="1" crap="2" count="0"/>
      <line num="660" type="stmt" count="0"/>
      <line num="661" type="stmt" count="0"/>
      <line num="662" type="stmt" count="0"/>
      <line num="663" type="stmt" count="0"/>
      <line num="664" type="stmt" count="0"/>
      <line num="665" type="stmt" count="0"/>
      <line num="676" type="method" name="__toString" visibility="public" complexity="1" crap="2" count="0"/>
      <line num="678" type="stmt" count="0"/>
      <line num="701" type="method" name="rgbToHsl" visibility="public" complexity="6" crap="42" count="0"/>
      <line num="704" type="stmt" count="0"/>
      <line num="705" type="stmt" count="0"/>
      <line num="706" type="stmt" count="0"/>
      <line num="709" type="stmt" count="0"/>
      <line num="710" type="stmt" count="0"/>
      <line num="711" type="stmt" count="0"/>
      <line num="714" type="stmt" count="0"/>
      <line num="715" type="stmt" count="0"/>
      <line num="716" type="stmt" count="0"/>
      <line num="717" type="stmt" count="0"/>
      <line num="720" type="stmt" count="0"/>
      <line num="721" type="stmt" count="0"/>
      <line num="722" type="stmt" count="0"/>
      <line num="726" type="stmt" count="0"/>
      <line num="727" type="stmt" count="0"/>
      <line num="729" type="stmt" count="0"/>
      <line num="730" type="stmt" count="0"/>
      <line num="733" type="stmt" count="0"/>
      <line num="736" type="stmt" count="0"/>
      <line num="739" type="stmt" count="0"/>
      <line num="740" type="stmt" count="0"/>
      <line num="743" type="stmt" count="0"/>
      <line num="747" type="stmt" count="0"/>
      <line num="748" type="stmt" count="0"/>
      <line num="749" type="stmt" count="0"/>
      <line num="750" type="stmt" count="0"/>
      <line num="751" type="stmt" count="0"/>
      <line num="764" type="method" name="hslToRgb" visibility="public" complexity="1" crap="2" count="0"/>
      <line num="767" type="stmt" count="0"/>
      <line num="768" type="stmt" count="0"/>
      <line num="769" type="stmt" count="0"/>
      <line num="772" type="stmt" count="0"/>
      <line num="773" type="stmt" count="0"/>
      <line num="774" type="stmt" count="0"/>
      <line num="775" type="stmt" count="0"/>
      <line num="776" type="stmt" count="0"/>
      <line num="777" type="stmt" count="0"/>
      <line num="779" type="stmt" count="0"/>
      <line num="780" type="stmt" count="0"/>
      <line num="781" type="stmt" count="0"/>
      <line num="782" type="stmt" count="0"/>
      <line num="783" type="stmt" count="0"/>
      <line num="799" type="method" name="colorNameToHex" visibility="public" complexity="2" crap="6" count="0"/>
      <line num="801" type="stmt" count="0"/>
      <line num="804" type="stmt" count="0"/>
      <line num="805" type="stmt" count="0"/>
      <line num="809" type="stmt" count="0"/>
      <line num="820" type="method" name="isValidHexString" visibility="public" complexity="5" crap="30" count="0"/>
      <line num="822" type="stmt" count="0"/>
      <line num="825" type="stmt" count="0"/>
      <line num="826" type="stmt" count="0"/>
      <line num="830" type="stmt" count="0"/>
      <line num="831" type="stmt" count="0"/>
      <line num="832" type="stmt" count="0"/>
      <line num="836" type="stmt" count="0"/>
      <line num="837" type="stmt" count="0"/>
      <line num="838" type="stmt" count="0"/>
      <line num="842" type="stmt" count="0"/>
      <line num="852" type="method" name="isValidColorName" visibility="public" complexity="1" crap="2" count="0"/>
      <line num="854" type="stmt" count="0"/>
      <line num="864" type="method" name="isValidColorString" visibility="public" complexity="2" crap="6" count="0"/>
      <line num="866" type="stmt" count="0"/>
      <line num="876" type="method" name="normalizeHex" visibility="public" complexity="5" crap="30" count="0"/>
      <line num="879" type="stmt" count="0"/>
      <line num="880" type="stmt" count="0"/>
      <line num="884" type="stmt" count="0"/>
      <line num="887" type="stmt" count="0"/>
      <line num="888" type="stmt" count="0"/>
      <line num="889" type="stmt" count="0"/>
      <line num="893" type="stmt" count="0"/>
      <line num="894" type="stmt" count="0"/>
      <line num="895" type="stmt" count="0"/>
      <line num="908" type="method" name="hexStringToBytes" visibility="public" complexity="2" crap="6" count="0"/>
      <line num="911" type="stmt" count="0"/>
      <line num="912" type="stmt" count="0"/>
      <line num="916" type="stmt" count="0"/>
      <line num="919" type="stmt" count="0"/>
      <line num="920" type="stmt" count="0"/>
      <line num="921" type="stmt" count="0"/>
      <line num="922" type="stmt" count="0"/>
      <line num="924" type="stmt" count="0"/>
      <line num="925" type="stmt" count="0"/>
      <line num="926" type="stmt" count="0"/>
      <line num="927" type="stmt" count="0"/>
      <line num="928" type="stmt" count="0"/>
      <line num="929" type="stmt" count="0"/>
      <line num="940" type="method" name="colorNameToBytes" visibility="public" complexity="2" crap="6" count="0"/>
      <line num="942" type="stmt" count="0"/>
      <line num="945" type="stmt" count="0"/>
      <line num="946" type="stmt" count="0"/>
      <line num="950" type="stmt" count="0"/>
      <line num="953" type="stmt" count="0"/>
      <line num="964" type="method" name="colorStringToBytes" visibility="public" complexity="2" crap="6" count="0"/>
      <line num="966" type="stmt" count="0"/>
      <line num="969" type="stmt" count="0"/>
      <line num="970" type="stmt" count="0"/>
      <line num="974" type="stmt" count="0"/>
      <line num="988" type="method" name="_clamp" visibility="private" complexity="1" crap="2" count="0"/>
      <line num="990" type="stmt" count="0"/>
      <line num="1000" type="method" name="_validateByte" visibility="private" complexity="3" crap="12" count="0"/>
      <line num="1002" type="stmt" count="0"/>
      <line num="1003" type="stmt" count="0"/>
      <line num="1014" type="method" name="_validateFrac" visibility="private" complexity="3" crap="12" count="0"/>
      <line num="1016" type="stmt" count="0"/>
      <line num="1017" type="stmt" count="0"/>
      <line num="1028" type="method" name="_byteToFrac" visibility="private" complexity="1" crap="2" count="0"/>
      <line num="1030" type="stmt" count="0"/>
      <line num="1040" type="method" name="_fracToByte" visibility="private" complexity="1" crap="2" count="0"/>
      <line num="1042" type="stmt" count="0"/>
      <metrics loc="1209" ncloc="713" classes="1" methods="41" coveredmethods="0" conditionals="0" coveredconditionals="0" statements="201" coveredstatements="0" elements="242" coveredelements="0"/>
    </file>
    <file name="C:\Users\shaun\OneDrive\Documents\Projects\PHP\Superclasses\src\Complex.php">
      <class name="Superclasses\Complex" namespace="global">
        <metrics complexity="58" methods="17" coveredmethods="0" conditionals="0" coveredconditionals="0" statements="113" coveredstatements="0" elements="130" coveredelements="0"/>
      </class>
      <line num="119" type="method" name="__construct" visibility="public" complexity="1" crap="2" count="0"/>
      <line num="121" type="stmt" count="0"/>
      <line num="122" type="stmt" count="0"/>
      <line num="134" type="method" name="add" visibility="public" complexity="1" crap="2" count="0"/>
      <line num="137" type="stmt" count="0"/>
      <line num="140" type="stmt" count="0"/>
      <line num="149" type="method" name="sub" visibility="public" complexity="1" crap="2" count="0"/>
      <line num="152" type="stmt" count="0"/>
      <line num="155" type="stmt" count="0"/>
      <line num="165" type="method" name="mul" visibility="public" complexity="1" crap="2" count="0"/>
      <line num="168" type="stmt" count="0"/>
      <line num="171" type="stmt" count="0"/>
      <line num="172" type="stmt" count="0"/>
      <line num="173" type="stmt" count="0"/>
      <line num="174" type="stmt" count="0"/>
      <line num="175" type="stmt" count="0"/>
      <line num="186" type="method" name="div" visibility="public" complexity="2" crap="6" count="0"/>
      <line num="189" type="stmt" count="0"/>
      <line num="192" type="stmt" count="0"/>
      <line num="193" type="stmt" count="0"/>
      <line num="197" type="stmt" count="0"/>
      <line num="198" type="stmt" count="0"/>
      <line num="199" type="stmt" count="0"/>
      <line num="200" type="stmt" count="0"/>
      <line num="201" type="stmt" count="0"/>
      <line num="202" type="stmt" count="0"/>
      <line num="210" type="method" name="conj" visibility="public" complexity="1" crap="2" count="0"/>
      <line num="212" type="stmt" count="0"/>
      <line num="224" type="method" name="ln" visibility="public" complexity="7" crap="56" count="0"/>
      <line num="227" type="stmt" count="0"/>
      <line num="228" type="stmt" count="0"/>
      <line num="232" type="stmt" count="0"/>
      <line num="233" type="stmt" count="0"/>
      <line num="234" type="stmt" count="0"/>
      <line num="235" type="stmt" count="0"/>
      <line num="236" type="stmt" count="0"/>
      <line num="237" type="stmt" count="0"/>
      <line num="238" type="stmt" count="0"/>
      <line num="239" type="stmt" count="0"/>
      <line num="240" type="stmt" count="0"/>
      <line num="241" type="stmt" count="0"/>
      <line num="245" type="stmt" count="0"/>
      <line num="256" type="method" name="log" visibility="public" complexity="9" crap="90" count="0"/>
      <line num="259" type="stmt" count="0"/>
      <line num="262" type="stmt" count="0"/>
      <line num="263" type="stmt" count="0"/>
      <line num="265" type="stmt" count="0"/>
      <line num="266" type="stmt" count="0"/>
      <line num="270" type="stmt" count="0"/>
      <line num="271" type="stmt" count="0"/>
      <line num="275" type="stmt" count="0"/>
      <line num="276" type="stmt" count="0"/>
      <line num="277" type="stmt" count="0"/>
      <line num="278" type="stmt" count="0"/>
      <line num="279" type="stmt" count="0"/>
      <line num="284" type="stmt" count="0"/>
      <line num="285" type="stmt" count="0"/>
      <line num="289" type="stmt" count="0"/>
      <line num="297" type="method" name="exp" visibility="public" complexity="7" crap="56" count="0"/>
      <line num="300" type="stmt" count="0"/>
      <line num="301" type="stmt" count="0"/>
      <line num="302" type="stmt" count="0"/>
      <line num="303" type="stmt" count="0"/>
      <line num="304" type="stmt" count="0"/>
      <line num="305" type="stmt" count="0"/>
      <line num="306" type="stmt" count="0"/>
      <line num="307" type="stmt" count="0"/>
      <line num="308" type="stmt" count="0"/>
      <line num="309" type="stmt" count="0"/>
      <line num="313" type="stmt" count="0"/>
      <line num="314" type="stmt" count="0"/>
      <line num="318" type="stmt" count="0"/>
      <line num="329" type="method" name="pow" visibility="public" complexity="10" crap="110" count="0"/>
      <line num="332" type="stmt" count="0"/>
      <line num="335" type="stmt" count="0"/>
      <line num="337" type="stmt" count="0"/>
      <line num="338" type="stmt" count="0"/>
      <line num="342" type="stmt" count="0"/>
      <line num="343" type="stmt" count="0"/>
      <line num="347" type="stmt" count="0"/>
      <line num="352" type="stmt" count="0"/>
      <line num="356" type="stmt" count="0"/>
      <line num="360" type="stmt" count="0"/>
      <line num="361" type="stmt" count="0"/>
      <line num="365" type="stmt" count="0"/>
      <line num="366" type="stmt" count="0"/>
      <line num="370" type="stmt" count="0"/>
      <line num="371" type="stmt" count="0"/>
      <line num="375" type="stmt" count="0"/>
      <line num="376" type="stmt" count="0"/>
      <line num="380" type="stmt" count="0"/>
      <line num="391" type="method" name="roots" visibility="public" complexity="4" crap="20" count="0"/>
      <line num="394" type="stmt" count="0"/>
      <line num="395" type="stmt" count="0"/>
      <line num="399" type="stmt" count="0"/>
      <line num="400" type="stmt" count="0"/>
      <line num="404" type="stmt" count="0"/>
      <line num="407" type="stmt" count="0"/>
      <line num="408" type="stmt" count="0"/>
      <line num="409" type="stmt" count="0"/>
      <line num="410" type="stmt" count="0"/>
      <line num="413" type="stmt" count="0"/>
      <line num="424" type="method" name="isReal" visibility="public" complexity="1" crap="2" count="0"/>
      <line num="426" type="stmt" count="0"/>
      <line num="436" type="method" name="equals" visibility="public" complexity="2" crap="6" count="0"/>
      <line num="439" type="stmt" count="0"/>
      <line num="442" type="stmt" count="0"/>
      <line num="443" type="stmt" count="0"/>
      <line num="454" type="method" name="i" visibility="public" complexity="1" crap="2" count="0"/>
      <line num="456" type="stmt" count="0"/>
      <line num="465" type="method" name="toComplex" visibility="public" complexity="2" crap="6" count="0"/>
      <line num="467" type="stmt" count="0"/>
      <line num="477" type="method" name="fromPolar" visibility="public" complexity="1" crap="2" count="0"/>
      <line num="480" type="stmt" count="0"/>
      <line num="483" type="stmt" count="0"/>
      <line num="484" type="stmt" count="0"/>
      <line num="486" type="stmt" count="0"/>
      <line num="497" type="method" name="__toString" visibility="public" complexity="7" crap="56" count="0"/>
      <line num="500" type="stmt" count="0"/>
      <line num="501" type="stmt" count="0"/>
      <line num="505" type="stmt" count="0"/>
      <line num="506" type="stmt" count="0"/>
      <line num="507" type="stmt" count="0"/>
      <line num="508" type="stmt" count="0"/>
      <line num="509" type="stmt" count="0"/>
      <line num="511" type="stmt" count="0"/>
      <line num="516" type="stmt" count="0"/>
      <line num="517" type="stmt" count="0"/>
      <line num="518" type="stmt" count="0"/>
      <line num="519" type="stmt" count="0"/>
      <metrics loc="522" ncloc="321" classes="1" methods="17" coveredmethods="0" conditionals="0" coveredconditionals="0" statements="113" coveredstatements="0" elements="130" coveredelements="0"/>
    </file>
    <file name="C:\Users\shaun\OneDrive\Documents\Projects\PHP\Superclasses\src\DateTimeUtilities.php">
      <class name="Superclasses\DateTimeUtilities" namespace="global">
        <metrics complexity="97" methods="43" coveredmethods="0" conditionals="0" coveredconditionals="0" statements="150" coveredstatements="0" elements="193" coveredelements="0"/>
      </class>
      <line num="58" type="method" name="now" visibility="public" complexity="1" crap="2" count="0"/>
      <line num="60" type="stmt" count="0"/>
      <line num="68" type="method" name="nowUTC" visibility="public" complexity="1" crap="2" count="0"/>
      <line num="70" type="stmt" count="0"/>
      <line num="78" type="method" name="today" visibility="public" complexity="1" crap="2" count="0"/>
      <line num="80" type="stmt" count="0"/>
      <line num="81" type="stmt" count="0"/>
      <line num="115" type="method" name="__construct" visibility="public" complexity="14" crap="210" count="0"/>
      <line num="119" type="stmt" count="0"/>
      <line num="120" type="stmt" count="0"/>
      <line num="123" type="stmt" count="0"/>
      <line num="125" type="stmt" count="0"/>
      <line num="127" type="stmt" count="0"/>
      <line num="128" type="stmt" count="0"/>
      <line num="130" type="stmt" count="0"/>
      <line num="131" type="stmt" count="0"/>
      <line num="133" type="stmt" count="0"/>
      <line num="134" type="stmt" count="0"/>
      <line num="135" type="stmt" count="0"/>
      <line num="137" type="stmt" count="0"/>
      <line num="138" type="stmt" count="0"/>
      <line num="139" type="stmt" count="0"/>
      <line num="140" type="stmt" count="0"/>
      <line num="141" type="stmt" count="0"/>
      <line num="143" type="stmt" count="0"/>
      <line num="144" type="stmt" count="0"/>
      <line num="145" type="stmt" count="0"/>
      <line num="146" type="stmt" count="0"/>
      <line num="148" type="stmt" count="0"/>
      <line num="152" type="stmt" count="0"/>
      <line num="153" type="stmt" count="0"/>
      <line num="157" type="stmt" count="0"/>
      <line num="158" type="stmt" count="0"/>
      <line num="162" type="stmt" count="0"/>
      <line num="175" type="method" name="zeroPad" visibility="protected" complexity="1" crap="2" count="0"/>
      <line num="177" type="stmt" count="0"/>
      <line num="185" type="method" name="__toString" visibility="public" complexity="1" crap="2" count="0"/>
      <line num="187" type="stmt" count="0"/>
      <line num="196" type="method" name="iso" visibility="public" complexity="1" crap="2" count="0"/>
      <line num="198" type="stmt" count="0"/>
      <line num="207" type="method" name="mysql" visibility="public" complexity="1" crap="2" count="0"/>
      <line num="209" type="stmt" count="0"/>
      <line num="217" type="method" name="mysqlUTC" visibility="public" complexity="1" crap="2" count="0"/>
      <line num="219" type="stmt" count="0"/>
      <line num="233" type="method" name="date" visibility="public" complexity="2" crap="6" count="0"/>
      <line num="235" type="stmt" count="0"/>
      <line num="237" type="stmt" count="0"/>
      <line num="240" type="stmt" count="0"/>
      <line num="252" type="method" name="time" visibility="public" complexity="2" crap="6" count="0"/>
      <line num="254" type="stmt" count="0"/>
      <line num="256" type="stmt" count="0"/>
      <line num="259" type="stmt" count="0"/>
      <line num="272" type="method" name="timestamp" visibility="public" complexity="2" crap="6" count="0"/>
      <line num="274" type="stmt" count="0"/>
      <line num="275" type="stmt" count="0"/>
      <line num="277" type="stmt" count="0"/>
      <line num="287" type="method" name="toTimestamp" visibility="public" complexity="5" crap="30" count="0"/>
      <line num="289" type="stmt" count="0"/>
      <line num="291" type="stmt" count="0"/>
      <line num="292" type="stmt" count="0"/>
      <line num="294" type="stmt" count="0"/>
      <line num="295" type="stmt" count="0"/>
      <line num="296" type="stmt" count="0"/>
      <line num="298" type="stmt" count="0"/>
      <line num="300" type="stmt" count="0"/>
      <line num="302" type="stmt" count="0"/>
      <line num="314" type="method" name="timezone" visibility="public" complexity="3" crap="12" count="0"/>
      <line num="316" type="stmt" count="0"/>
      <line num="318" type="stmt" count="0"/>
      <line num="321" type="stmt" count="0"/>
      <line num="322" type="stmt" count="0"/>
      <line num="324" type="stmt" count="0"/>
      <line num="337" type="method" name="year" visibility="public" complexity="2" crap="6" count="0"/>
      <line num="339" type="stmt" count="0"/>
      <line num="341" type="stmt" count="0"/>
      <line num="344" type="stmt" count="0"/>
      <line num="354" type="method" name="month" visibility="public" complexity="2" crap="6" count="0"/>
      <line num="356" type="stmt" count="0"/>
      <line num="358" type="stmt" count="0"/>
      <line num="361" type="stmt" count="0"/>
      <line num="371" type="method" name="day" visibility="public" complexity="2" crap="6" count="0"/>
      <line num="373" type="stmt" count="0"/>
      <line num="375" type="stmt" count="0"/>
      <line num="378" type="stmt" count="0"/>
      <line num="388" type="method" name="hour" visibility="public" complexity="2" crap="6" count="0"/>
      <line num="390" type="stmt" count="0"/>
      <line num="392" type="stmt" count="0"/>
      <line num="395" type="stmt" count="0"/>
      <line num="405" type="method" name="minute" visibility="public" complexity="2" crap="6" count="0"/>
      <line num="407" type="stmt" count="0"/>
      <line num="409" type="stmt" count="0"/>
      <line num="412" type="stmt" count="0"/>
      <line num="422" type="method" name="second" visibility="public" complexity="2" crap="6" count="0"/>
      <line num="424" type="stmt" count="0"/>
      <line num="426" type="stmt" count="0"/>
      <line num="429" type="stmt" count="0"/>
      <line num="441" type="method" name="week" visibility="public" complexity="1" crap="2" count="0"/>
      <line num="443" type="stmt" count="0"/>
      <line num="451" type="method" name="dayOfYear" visibility="public" complexity="1" crap="2" count="0"/>
      <line num="453" type="stmt" count="0"/>
      <line num="462" type="method" name="dayOfWeek" visibility="public" complexity="1" crap="2" count="0"/>
      <line num="464" type="stmt" count="0"/>
      <line num="476" type="method" name="addYears" visibility="public" complexity="1" crap="2" count="0"/>
      <line num="478" type="stmt" count="0"/>
      <line num="479" type="stmt" count="0"/>
      <line num="488" type="method" name="addMonths" visibility="public" complexity="1" crap="2" count="0"/>
      <line num="490" type="stmt" count="0"/>
      <line num="491" type="stmt" count="0"/>
      <line num="500" type="method" name="addWeeks" visibility="public" complexity="1" crap="2" count="0"/>
      <line num="502" type="stmt" count="0"/>
      <line num="511" type="method" name="addDays" visibility="public" complexity="1" crap="2" count="0"/>
      <line num="513" type="stmt" count="0"/>
      <line num="514" type="stmt" count="0"/>
      <line num="523" type="method" name="addHours" visibility="public" complexity="1" crap="2" count="0"/>
      <line num="525" type="stmt" count="0"/>
      <line num="526" type="stmt" count="0"/>
      <line num="535" type="method" name="addMinutes" visibility="public" complexity="1" crap="2" count="0"/>
      <line num="537" type="stmt" count="0"/>
      <line num="538" type="stmt" count="0"/>
      <line num="547" type="method" name="addSeconds" visibility="public" complexity="1" crap="2" count="0"/>
      <line num="549" type="stmt" count="0"/>
      <line num="550" type="stmt" count="0"/>
      <line num="562" type="method" name="subYears" visibility="public" complexity="1" crap="2" count="0"/>
      <line num="564" type="stmt" count="0"/>
      <line num="573" type="method" name="subMonths" visibility="public" complexity="1" crap="2" count="0"/>
      <line num="575" type="stmt" count="0"/>
      <line num="584" type="method" name="subWeeks" visibility="public" complexity="1" crap="2" count="0"/>
      <line num="586" type="stmt" count="0"/>
      <line num="595" type="method" name="subDays" visibility="public" complexity="1" crap="2" count="0"/>
      <line num="597" type="stmt" count="0"/>
      <line num="606" type="method" name="subHours" visibility="public" complexity="1" crap="2" count="0"/>
      <line num="608" type="stmt" count="0"/>
      <line num="617" type="method" name="subMinutes" visibility="public" complexity="1" crap="2" count="0"/>
      <line num="619" type="stmt" count="0"/>
      <line num="628" type="method" name="subSeconds" visibility="public" complexity="1" crap="2" count="0"/>
      <line num="630" type="stmt" count="0"/>
      <line num="641" type="method" name="jd" visibility="public" complexity="1" crap="2" count="0"/>
      <line num="643" type="stmt" count="0"/>
      <line num="644" type="stmt" count="0"/>
      <line num="645" type="stmt" count="0"/>
      <line num="646" type="stmt" count="0"/>
      <line num="647" type="stmt" count="0"/>
      <line num="648" type="stmt" count="0"/>
      <line num="649" type="stmt" count="0"/>
      <line num="657" type="method" name="mjd" visibility="public" complexity="1" crap="2" count="0"/>
      <line num="659" type="stmt" count="0"/>
      <line num="672" type="method" name="clampYear" visibility="public" complexity="5" crap="30" count="0"/>
      <line num="675" type="stmt" count="0"/>
      <line num="676" type="stmt" count="0"/>
      <line num="679" type="stmt" count="0"/>
      <line num="680" type="stmt" count="0"/>
      <line num="689" type="method" name="aboutHowLongAgo" visibility="public" complexity="21" crap="462" count="0"/>
      <line num="691" type="stmt" count="0"/>
      <line num="692" type="stmt" count="0"/>
      <line num="695" type="stmt" count="0"/>
      <line num="698" type="stmt" count="0"/>
      <line num="699" type="stmt" count="0"/>
      <line num="700" type="stmt" count="0"/>
      <line num="704" type="stmt" count="0"/>
      <line num="705" type="stmt" count="0"/>
      <line num="709" type="stmt" count="0"/>
      <line num="710" type="stmt" count="0"/>
      <line num="714" type="stmt" count="0"/>
      <line num="715" type="stmt" count="0"/>
      <line num="719" type="stmt" count="0"/>
      <line num="720" type="stmt" count="0"/>
      <line num="721" type="stmt" count="0"/>
      <line num="725" type="stmt" count="0"/>
      <line num="726" type="stmt" count="0"/>
      <line num="730" type="stmt" count="0"/>
      <line num="731" type="stmt" count="0"/>
      <line num="732" type="stmt" count="0"/>
      <line num="736" type="stmt" count="0"/>
      <line num="737" type="stmt" count="0"/>
      <line num="738" type="stmt" count="0"/>
      <line num="742" type="stmt" count="0"/>
      <line num="743" type="stmt" count="0"/>
      <line num="744" type="stmt" count="0"/>
      <line num="748" type="stmt" count="0"/>
      <line num="749" type="stmt" count="0"/>
      <line num="750" type="stmt" count="0"/>
      <line num="754" type="stmt" count="0"/>
      <line num="755" type="stmt" count="0"/>
      <line num="768" type="method" name="diffSeconds" visibility="public" complexity="2" crap="6" count="0"/>
      <line num="770" type="stmt" count="0"/>
      <line num="771" type="stmt" count="0"/>
      <line num="772" type="stmt" count="0"/>
      <line num="774" type="stmt" count="0"/>
      <line num="790" type="method" name="diffDays" visibility="public" complexity="2" crap="6" count="0"/>
      <line num="792" type="stmt" count="0"/>
      <line num="793" type="stmt" count="0"/>
      <line num="794" type="stmt" count="0"/>
      <line num="796" type="stmt" count="0"/>
      <metrics loc="799" ncloc="434" classes="1" methods="43" coveredmethods="0" conditionals="0" coveredconditionals="0" statements="150" coveredstatements="0" elements="193" coveredelements="0"/>
    </file>
    <file name="C:\Users\shaun\OneDrive\Documents\Projects\PHP\Superclasses\src\Dictionary.php">
      <class name="Superclasses\Dictionary" namespace="global">
        <metrics complexity="25" methods="15" coveredmethods="0" conditionals="0" coveredconditionals="0" statements="43" coveredstatements="0" elements="58" coveredelements="0"/>
      </class>
      <line num="14" type="stmt" count="0"/>
      <line num="15" type="stmt" count="0"/>
      <line num="60" type="method" name="__construct" visibility="public" complexity="3" crap="12" count="0"/>
      <line num="63" type="stmt" count="0"/>
      <line num="64" type="stmt" count="0"/>
      <line num="67" type="stmt" count="0"/>
      <line num="68" type="stmt" count="0"/>
      <line num="70" type="stmt" count="0"/>
      <line num="71" type="stmt" count="0"/>
      <line num="78" type="method" name="fromIterable" visibility="public" complexity="3" crap="12" count="0"/>
      <line num="81" type="stmt" count="0"/>
      <line num="82" type="stmt" count="0"/>
      <line num="83" type="stmt" count="0"/>
      <line num="84" type="stmt" count="0"/>
      <line num="85" type="stmt" count="0"/>
      <line num="89" type="stmt" count="0"/>
      <line num="92" type="stmt" count="0"/>
      <line num="93" type="stmt" count="0"/>
      <line num="96" type="stmt" count="0"/>
      <line num="105" type="method" name="checkKeyType" visibility="private" complexity="2" crap="6" count="0"/>
      <line num="107" type="stmt" count="0"/>
      <line num="108" type="stmt" count="0"/>
      <line num="118" type="method" name="checkValueType" visibility="private" complexity="2" crap="6" count="0"/>
      <line num="120" type="stmt" count="0"/>
      <line num="121" type="stmt" count="0"/>
      <line num="128" type="method" name="keys" visibility="public" complexity="1" crap="2" count="0"/>
      <line num="130" type="stmt" count="0"/>
      <line num="136" type="method" name="values" visibility="public" complexity="1" crap="2" count="0"/>
      <line num="138" type="stmt" count="0"/>
      <line num="144" type="method" name="entries" visibility="public" complexity="1" crap="2" count="0"/>
      <line num="146" type="stmt" count="0"/>
      <line num="152" type="method" name="clear" visibility="public" complexity="1" crap="2" count="0"/>
      <line num="154" type="stmt" count="0"/>
      <line num="160" type="method" name="isEmpty" visibility="public" complexity="1" crap="2" count="0"/>
      <line num="162" type="stmt" count="0"/>
      <line num="180" type="method" name="offsetSet" visibility="public" complexity="2" crap="6" count="0"/>
      <line num="182" type="stmt" count="0"/>
      <line num="183" type="stmt" count="0"/>
      <line num="187" type="stmt" count="0"/>
      <line num="188" type="stmt" count="0"/>
      <line num="191" type="stmt" count="0"/>
      <line num="194" type="stmt" count="0"/>
      <line num="197" type="method" name="offsetGet" visibility="public" complexity="2" crap="6" count="0"/>
      <line num="200" type="stmt" count="0"/>
      <line num="203" type="stmt" count="0"/>
      <line num="204" type="stmt" count="0"/>
      <line num="208" type="stmt" count="0"/>
      <line num="211" type="method" name="offsetExists" visibility="public" complexity="1" crap="2" count="0"/>
      <line num="214" type="stmt" count="0"/>
      <line num="217" type="stmt" count="0"/>
      <line num="220" type="method" name="offsetUnset" visibility="public" complexity="2" crap="6" count="0"/>
      <line num="223" type="stmt" count="0"/>
      <line num="226" type="stmt" count="0"/>
      <line num="227" type="stmt" count="0"/>
      <line num="231" type="stmt" count="0"/>
      <line num="240" type="method" name="count" visibility="public" complexity="1" crap="2" count="0"/>
      <line num="242" type="stmt" count="0"/>
      <line num="251" type="method" name="getIterator" visibility="public" complexity="2" crap="6" count="0"/>
      <line num="253" type="stmt" count="0"/>
      <line num="254" type="stmt" count="0"/>
      <metrics loc="258" ncloc="153" classes="1" methods="15" coveredmethods="0" conditionals="0" coveredconditionals="0" statements="45" coveredstatements="0" elements="60" coveredelements="0"/>
    </file>
    <file name="C:\Users\shaun\OneDrive\Documents\Projects\PHP\Superclasses\src\KeyValuePair.php">
      <class name="Superclasses\KeyValuePair" namespace="global">
        <metrics complexity="1" methods="1" coveredmethods="0" conditionals="0" coveredconditionals="0" statements="1" coveredstatements="0" elements="2" coveredelements="0"/>
      </class>
      <line num="9" type="method" name="__construct" visibility="public" complexity="1" crap="2" count="0"/>
      <metrics loc="11" ncloc="11" classes="1" methods="1" coveredmethods="0" conditionals="0" coveredconditionals="0" statements="1" coveredstatements="0" elements="2" coveredelements="0"/>
    </file>
    <file name="C:\Users\shaun\OneDrive\Documents\Projects\PHP\Superclasses\src\ListOf.php">
      <class name="Superclasses\ListOf" namespace="global">
        <metrics complexity="54" methods="25" coveredmethods="0" conditionals="0" coveredconditionals="0" statements="95" coveredstatements="0" elements="120" coveredelements="0"/>
      </class>
      <line num="121" type="method" name="__construct" visibility="public" complexity="11" crap="132" count="0"/>
      <line num="124" type="stmt" count="0"/>
      <line num="127" type="stmt" count="0"/>
      <line num="128" type="stmt" count="0"/>
      <line num="132" type="stmt" count="0"/>
      <line num="133" type="stmt" count="0"/>
      <line num="134" type="stmt" count="0"/>
      <line num="135" type="stmt" count="0"/>
      <line num="136" type="stmt" count="0"/>
      <line num="137" type="stmt" count="0"/>
      <line num="138" type="stmt" count="0"/>
      <line num="139" type="stmt" count="0"/>
      <line num="140" type="stmt" count="0"/>
      <line num="141" type="stmt" count="0"/>
      <line num="142" type="stmt" count="0"/>
      <line num="143" type="stmt" count="0"/>
      <line num="144" type="stmt" count="0"/>
      <line num="146" type="stmt" count="0"/>
      <line num="148" type="stmt" count="0"/>
      <line num="150" type="stmt" count="0"/>
      <line num="154" type="stmt" count="0"/>
      <line num="160" type="method" name="fromIterable" visibility="public" complexity="2" crap="6" count="0"/>
      <line num="163" type="stmt" count="0"/>
      <line num="164" type="stmt" count="0"/>
      <line num="165" type="stmt" count="0"/>
      <line num="169" type="stmt" count="0"/>
      <line num="172" type="stmt" count="0"/>
      <line num="174" type="stmt" count="0"/>
      <line num="185" type="method" name="checkIndex" visibility="public" complexity="6" crap="42" count="0"/>
      <line num="191" type="stmt" count="0"/>
      <line num="192" type="stmt" count="0"/>
      <line num="196" type="stmt" count="0"/>
      <line num="197" type="stmt" count="0"/>
      <line num="201" type="stmt" count="0"/>
      <line num="202" type="stmt" count="0"/>
      <line num="209" type="method" name="checkItemType" visibility="public" complexity="2" crap="6" count="0"/>
      <line num="211" type="stmt" count="0"/>
      <line num="212" type="stmt" count="0"/>
      <line num="223" type="method" name="get" visibility="public" complexity="1" crap="2" count="0"/>
      <line num="225" type="stmt" count="0"/>
      <line num="226" type="stmt" count="0"/>
      <line num="248" type="method" name="set" visibility="public" complexity="3" crap="12" count="0"/>
      <line num="251" type="stmt" count="0"/>
      <line num="254" type="stmt" count="0"/>
      <line num="255" type="stmt" count="0"/>
      <line num="258" type="stmt" count="0"/>
      <line num="262" type="stmt" count="0"/>
      <line num="263" type="stmt" count="0"/>
      <line num="267" type="stmt" count="0"/>
      <line num="276" type="method" name="unset" visibility="public" complexity="3" crap="12" count="0"/>
      <line num="279" type="stmt" count="0"/>
      <line num="282" type="stmt" count="0"/>
      <line num="283" type="stmt" count="0"/>
      <line num="287" type="stmt" count="0"/>
      <line num="303" type="method" name="append" visibility="public" complexity="2" crap="6" count="0"/>
      <line num="306" type="stmt" count="0"/>
      <line num="307" type="stmt" count="0"/>
      <line num="311" type="stmt" count="0"/>
      <line num="327" type="method" name="prepend" visibility="public" complexity="2" crap="6" count="0"/>
      <line num="330" type="stmt" count="0"/>
      <line num="331" type="stmt" count="0"/>
      <line num="335" type="stmt" count="0"/>
      <line num="348" type="method" name="remove" visibility="public" complexity="1" crap="2" count="0"/>
      <line num="351" type="stmt" count="0"/>
      <line num="354" type="stmt" count="0"/>
      <line num="357" type="stmt" count="0"/>
      <line num="360" type="stmt" count="0"/>
      <line num="370" type="method" name="removeByValue" visibility="public" complexity="1" crap="2" count="0"/>
      <line num="373" type="stmt" count="0"/>
      <line num="376" type="stmt" count="0"/>
      <line num="377" type="stmt" count="0"/>
      <line num="378" type="stmt" count="0"/>
      <line num="379" type="stmt" count="0"/>
      <line num="382" type="stmt" count="0"/>
      <line num="391" type="method" name="removeFirst" visibility="public" complexity="2" crap="6" count="0"/>
      <line num="394" type="stmt" count="0"/>
      <line num="395" type="stmt" count="0"/>
      <line num="399" type="stmt" count="0"/>
      <line num="408" type="method" name="removeLast" visibility="public" complexity="2" crap="6" count="0"/>
      <line num="411" type="stmt" count="0"/>
      <line num="412" type="stmt" count="0"/>
      <line num="416" type="stmt" count="0"/>
      <line num="429" type="method" name="slice" visibility="public" complexity="2" crap="6" count="0"/>
      <line num="432" type="stmt" count="0"/>
      <line num="435" type="stmt" count="0"/>
      <line num="436" type="stmt" count="0"/>
      <line num="440" type="stmt" count="0"/>
      <line num="441" type="stmt" count="0"/>
      <line num="442" type="stmt" count="0"/>
      <line num="451" type="method" name="filter" visibility="public" complexity="1" crap="2" count="0"/>
      <line num="454" type="stmt" count="0"/>
      <line num="457" type="stmt" count="0"/>
      <line num="458" type="stmt" count="0"/>
      <line num="459" type="stmt" count="0"/>
      <line num="469" type="method" name="search" visibility="public" complexity="1" crap="2" count="0"/>
      <line num="471" type="stmt" count="0"/>
      <line num="472" type="stmt" count="0"/>
      <line num="473" type="stmt" count="0"/>
      <line num="474" type="stmt" count="0"/>
      <line num="486" type="method" name="contains" visibility="public" complexity="1" crap="2" count="0"/>
      <line num="488" type="stmt" count="0"/>
      <line num="494" type="method" name="clear" visibility="public" complexity="1" crap="2" count="0"/>
      <line num="496" type="stmt" count="0"/>
      <line num="504" type="method" name="isEmpty" visibility="public" complexity="1" crap="2" count="0"/>
      <line num="506" type="stmt" count="0"/>
      <line num="519" type="method" name="offsetSet" visibility="public" complexity="2" crap="6" count="0"/>
      <line num="521" type="stmt" count="0"/>
      <line num="523" type="stmt" count="0"/>
      <line num="526" type="stmt" count="0"/>
      <line num="537" type="method" name="offsetGet" visibility="public" complexity="1" crap="2" count="0"/>
      <line num="539" type="stmt" count="0"/>
      <line num="540" type="stmt" count="0"/>
      <line num="549" type="method" name="offsetExists" visibility="public" complexity="3" crap="12" count="0"/>
      <line num="551" type="stmt" count="0"/>
      <line num="564" type="method" name="offsetUnset" visibility="public" complexity="1" crap="2" count="0"/>
      <line num="566" type="stmt" count="0"/>
      <line num="577" type="method" name="count" visibility="public" complexity="1" crap="2" count="0"/>
      <line num="579" type="stmt" count="0"/>
      <line num="588" type="method" name="getIterator" visibility="public" complexity="1" crap="2" count="0"/>
      <line num="590" type="stmt" count="0"/>
      <metrics loc="593" ncloc="270" classes="1" methods="25" coveredmethods="0" conditionals="0" coveredconditionals="0" statements="95" coveredstatements="0" elements="120" coveredelements="0"/>
    </file>
    <file name="C:\Users\shaun\OneDrive\Documents\Projects\PHP\Superclasses\src\Matrix.php">
      <class name="Superclasses\Matrix" namespace="global">
        <metrics complexity="97" methods="22" coveredmethods="0" conditionals="0" coveredconditionals="0" statements="170" coveredstatements="0" elements="192" coveredelements="0"/>
      </class>
      <line num="23" type="method" name="__construct" visibility="public" complexity="3" crap="12" count="0"/>
      <line num="25" type="stmt" count="0"/>
      <line num="26" type="stmt" count="0"/>
      <line num="29" type="stmt" count="0"/>
      <line num="30" type="stmt" count="0"/>
      <line num="31" type="stmt" count="0"/>
      <line num="41" type="method" name="fromArray" visibility="public" complexity="12" crap="156" count="0"/>
      <line num="43" type="stmt" count="0"/>
      <line num="44" type="stmt" count="0"/>
      <line num="47" type="stmt" count="0"/>
      <line num="48" type="stmt" count="0"/>
      <line num="51" type="stmt" count="0"/>
      <line num="52" type="stmt" count="0"/>
      <line num="53" type="stmt" count="0"/>
      <line num="56" type="stmt" count="0"/>
      <line num="57" type="stmt" count="0"/>
      <line num="58" type="stmt" count="0"/>
      <line num="59" type="stmt" count="0"/>
      <line num="62" type="stmt" count="0"/>
      <line num="63" type="stmt" count="0"/>
      <line num="64" type="stmt" count="0"/>
      <line num="69" type="stmt" count="0"/>
      <line num="70" type="stmt" count="0"/>
      <line num="71" type="stmt" count="0"/>
      <line num="72" type="stmt" count="0"/>
      <line num="76" type="stmt" count="0"/>
      <line num="84" type="method" name="getRows" visibility="public" complexity="1" crap="2" count="0"/>
      <line num="86" type="stmt" count="0"/>
      <line num="94" type="method" name="getCols" visibility="public" complexity="1" crap="2" count="0"/>
      <line num="96" type="stmt" count="0"/>
      <line num="107" type="method" name="get" visibility="public" complexity="5" crap="30" count="0"/>
      <line num="109" type="stmt" count="0"/>
      <line num="110" type="stmt" count="0"/>
      <line num="112" type="stmt" count="0"/>
      <line num="123" type="method" name="set" visibility="public" complexity="7" crap="56" count="0"/>
      <line num="125" type="stmt" count="0"/>
      <line num="126" type="stmt" count="0"/>
      <line num="128" type="stmt" count="0"/>
      <line num="129" type="stmt" count="0"/>
      <line num="131" type="stmt" count="0"/>
      <line num="141" type="method" name="add" visibility="public" complexity="5" crap="30" count="0"/>
      <line num="143" type="stmt" count="0"/>
      <line num="144" type="stmt" count="0"/>
      <line num="147" type="stmt" count="0"/>
      <line num="148" type="stmt" count="0"/>
      <line num="149" type="stmt" count="0"/>
      <line num="150" type="stmt" count="0"/>
      <line num="153" type="stmt" count="0"/>
      <line num="163" type="method" name="subtract" visibility="public" complexity="5" crap="30" count="0"/>
      <line num="165" type="stmt" count="0"/>
      <line num="166" type="stmt" count="0"/>
      <line num="169" type="stmt" count="0"/>
      <line num="170" type="stmt" count="0"/>
      <line num="171" type="stmt" count="0"/>
      <line num="172" type="stmt" count="0"/>
      <line num="175" type="stmt" count="0"/>
      <line num="185" type="method" name="multiply" visibility="public" complexity="5" crap="30" count="0"/>
      <line num="187" type="stmt" count="0"/>
      <line num="188" type="stmt" count="0"/>
      <line num="191" type="stmt" count="0"/>
      <line num="192" type="stmt" count="0"/>
      <line num="193" type="stmt" count="0"/>
      <line num="194" type="stmt" count="0"/>
      <line num="195" type="stmt" count="0"/>
      <line num="196" type="stmt" count="0"/>
      <line num="198" type="stmt" count="0"/>
      <line num="201" type="stmt" count="0"/>
      <line num="211" type="method" name="divide" visibility="public" complexity="1" crap="2" count="0"/>
      <line num="213" type="stmt" count="0"/>
      <line num="221" type="method" name="transpose" visibility="public" complexity="3" crap="12" count="0"/>
      <line num="223" type="stmt" count="0"/>
      <line num="224" type="stmt" count="0"/>
      <line num="225" type="stmt" count="0"/>
      <line num="226" type="stmt" count="0"/>
      <line num="229" type="stmt" count="0"/>
      <line num="238" type="method" name="determinant" visibility="public" complexity="2" crap="6" count="0"/>
      <line num="240" type="stmt" count="0"/>
      <line num="241" type="stmt" count="0"/>
      <line num="244" type="stmt" count="0"/>
      <line num="253" type="method" name="calculateDeterminant" visibility="private" complexity="8" crap="72" count="0"/>
      <line num="255" type="stmt" count="0"/>
      <line num="257" type="stmt" count="0"/>
      <line num="258" type="stmt" count="0"/>
      <line num="261" type="stmt" count="0"/>
      <line num="262" type="stmt" count="0"/>
      <line num="265" type="stmt" count="0"/>
      <line num="266" type="stmt" count="0"/>
      <line num="267" type="stmt" count="0"/>
      <line num="268" type="stmt" count="0"/>
      <line num="269" type="stmt" count="0"/>
      <line num="270" type="stmt" count="0"/>
      <line num="271" type="stmt" count="0"/>
      <line num="272" type="stmt" count="0"/>
      <line num="275" type="stmt" count="0"/>
      <line num="278" type="stmt" count="0"/>
      <line num="279" type="stmt" count="0"/>
      <line num="282" type="stmt" count="0"/>
      <line num="291" type="method" name="inverse" visibility="public" complexity="6" crap="42" count="0"/>
      <line num="293" type="stmt" count="0"/>
      <line num="294" type="stmt" count="0"/>
      <line num="297" type="stmt" count="0"/>
      <line num="298" type="stmt" count="0"/>
      <line num="299" type="stmt" count="0"/>
      <line num="302" type="stmt" count="0"/>
      <line num="303" type="stmt" count="0"/>
      <line num="305" type="stmt" count="0"/>
      <line num="306" type="stmt" count="0"/>
      <line num="307" type="stmt" count="0"/>
      <line num="308" type="stmt" count="0"/>
      <line num="309" type="stmt" count="0"/>
      <line num="313" type="stmt" count="0"/>
      <line num="323" type="method" name="getMinor" visibility="private" complexity="5" crap="30" count="0"/>
      <line num="325" type="stmt" count="0"/>
      <line num="326" type="stmt" count="0"/>
      <line num="327" type="stmt" count="0"/>
      <line num="328" type="stmt" count="0"/>
      <line num="329" type="stmt" count="0"/>
      <line num="330" type="stmt" count="0"/>
      <line num="331" type="stmt" count="0"/>
      <line num="334" type="stmt" count="0"/>
      <line num="337" type="stmt" count="0"/>
      <line num="348" type="method" name="pow" visibility="public" complexity="6" crap="42" count="0"/>
      <line num="350" type="stmt" count="0"/>
      <line num="351" type="stmt" count="0"/>
      <line num="354" type="stmt" count="0"/>
      <line num="355" type="stmt" count="0"/>
      <line num="358" type="stmt" count="0"/>
      <line num="359" type="stmt" count="0"/>
      <line num="362" type="stmt" count="0"/>
      <line num="363" type="stmt" count="0"/>
      <line num="365" type="stmt" count="0"/>
      <line num="366" type="stmt" count="0"/>
      <line num="367" type="stmt" count="0"/>
      <line num="369" type="stmt" count="0"/>
      <line num="370" type="stmt" count="0"/>
      <line num="373" type="stmt" count="0"/>
      <line num="382" type="method" name="identity" visibility="public" complexity="2" crap="6" count="0"/>
      <line num="384" type="stmt" count="0"/>
      <line num="385" type="stmt" count="0"/>
      <line num="386" type="stmt" count="0"/>
      <line num="388" type="stmt" count="0"/>
      <line num="398" type="method" name="dot" visibility="public" complexity="3" crap="12" count="0"/>
      <line num="400" type="stmt" count="0"/>
      <line num="401" type="stmt" count="0"/>
      <line num="403" type="stmt" count="0"/>
      <line num="404" type="stmt" count="0"/>
      <line num="407" type="stmt" count="0"/>
      <line num="408" type="stmt" count="0"/>
      <line num="409" type="stmt" count="0"/>
      <line num="412" type="stmt" count="0"/>
      <line num="422" type="method" name="cross" visibility="public" complexity="3" crap="12" count="0"/>
      <line num="424" type="stmt" count="0"/>
      <line num="425" type="stmt" count="0"/>
      <line num="427" type="stmt" count="0"/>
      <line num="428" type="stmt" count="0"/>
      <line num="431" type="stmt" count="0"/>
      <line num="432" type="stmt" count="0"/>
      <line num="433" type="stmt" count="0"/>
      <line num="434" type="stmt" count="0"/>
      <line num="435" type="stmt" count="0"/>
      <line num="437" type="stmt" count="0"/>
      <line num="445" type="method" name="toVector" visibility="private" complexity="3" crap="12" count="0"/>
      <line num="447" type="stmt" count="0"/>
      <line num="448" type="stmt" count="0"/>
      <line num="449" type="stmt" count="0"/>
      <line num="450" type="stmt" count="0"/>
      <line num="453" type="stmt" count="0"/>
      <line num="461" type="method" name="__clone" visibility="public" complexity="2" crap="6" count="0"/>
      <line num="463" type="stmt" count="0"/>
      <line num="464" type="stmt" count="0"/>
      <line num="465" type="stmt" count="0"/>
      <line num="467" type="stmt" count="0"/>
      <line num="475" type="method" name="__toString" visibility="public" complexity="9" crap="90" count="0"/>
      <line num="477" type="stmt" count="0"/>
      <line num="478" type="stmt" count="0"/>
      <line num="482" type="stmt" count="0"/>
      <line num="483" type="stmt" count="0"/>
      <line num="484" type="stmt" count="0"/>
      <line num="485" type="stmt" count="0"/>
      <line num="486" type="stmt" count="0"/>
      <line num="490" type="stmt" count="0"/>
      <line num="491" type="stmt" count="0"/>
      <line num="492" type="stmt" count="0"/>
      <line num="493" type="stmt" count="0"/>
      <line num="494" type="stmt" count="0"/>
      <line num="495" type="stmt" count="0"/>
      <line num="496" type="stmt" count="0"/>
      <line num="497" type="stmt" count="0"/>
      <line num="500" type="stmt" count="0"/>
      <line num="501" type="stmt" count="0"/>
      <line num="502" type="stmt" count="0"/>
      <line num="506" type="stmt" count="0"/>
      <metrics loc="509" ncloc="365" classes="1" methods="22" coveredmethods="0" conditionals="0" coveredconditionals="0" statements="170" coveredstatements="0" elements="192" coveredelements="0"/>
    </file>
    <file name="C:\Users\shaun\OneDrive\Documents\Projects\PHP\Superclasses\src\Set.php">
      <class name="Superclasses\Set" namespace="global">
        <metrics complexity="47" methods="28" coveredmethods="0" conditionals="0" coveredconditionals="0" statements="60" coveredstatements="0" elements="88" coveredelements="0"/>
      </class>
      <line num="37" type="method" name="__construct" visibility="public" complexity="1" crap="2" count="0"/>
      <line num="39" type="stmt" count="0"/>
      <line num="49" type="method" name="isItemAllowed" visibility="protected" complexity="1" crap="2" count="0"/>
      <line num="51" type="stmt" count="0"/>
      <line num="59" type="method" name="toArray" visibility="public" complexity="1" crap="2" count="0"/>
      <line num="61" type="stmt" count="0"/>
      <line num="73" type="method" name="addOne" visibility="public" complexity="3" crap="12" count="0"/>
      <line num="76" type="stmt" count="0"/>
      <line num="77" type="stmt" count="0"/>
      <line num="81" type="stmt" count="0"/>
      <line num="82" type="stmt" count="0"/>
      <line num="83" type="stmt" count="0"/>
      <line num="87" type="stmt" count="0"/>
      <line num="96" type="method" name="addAll" visibility="public" complexity="2" crap="6" count="0"/>
      <line num="99" type="stmt" count="0"/>
      <line num="100" type="stmt" count="0"/>
      <line num="104" type="stmt" count="0"/>
      <line num="116" type="method" name="add" visibility="public" complexity="1" crap="2" count="0"/>
      <line num="119" type="stmt" count="0"/>
      <line num="128" type="method" name="removeOne" visibility="public" complexity="1" crap="2" count="0"/>
      <line num="130" type="stmt" count="0"/>
      <line num="139" type="method" name="removeAll" visibility="public" complexity="3" crap="12" count="0"/>
      <line num="142" type="stmt" count="0"/>
      <line num="143" type="stmt" count="0"/>
      <line num="144" type="stmt" count="0"/>
      <line num="145" type="stmt" count="0"/>
      <line num="150" type="stmt" count="0"/>
      <line num="159" type="method" name="remove" visibility="public" complexity="1" crap="2" count="0"/>
      <line num="161" type="stmt" count="0"/>
      <line num="169" type="method" name="clear" visibility="public" complexity="1" crap="2" count="0"/>
      <line num="172" type="stmt" count="0"/>
      <line num="175" type="stmt" count="0"/>
      <line num="187" type="method" name="union" visibility="public" complexity="1" crap="2" count="0"/>
      <line num="189" type="stmt" count="0"/>
      <line num="192" type="stmt" count="0"/>
      <line num="195" type="stmt" count="0"/>
      <line num="204" type="method" name="intersect" visibility="public" complexity="3" crap="12" count="0"/>
      <line num="206" type="stmt" count="0"/>
      <line num="209" type="stmt" count="0"/>
      <line num="210" type="stmt" count="0"/>
      <line num="211" type="stmt" count="0"/>
      <line num="216" type="stmt" count="0"/>
      <line num="225" type="method" name="diff" visibility="public" complexity="3" crap="12" count="0"/>
      <line num="227" type="stmt" count="0"/>
      <line num="230" type="stmt" count="0"/>
      <line num="231" type="stmt" count="0"/>
      <line num="232" type="stmt" count="0"/>
      <line num="237" type="stmt" count="0"/>
      <line num="251" type="method" name="containsOne" visibility="public" complexity="1" crap="2" count="0"/>
      <line num="253" type="stmt" count="0"/>
      <line num="254" type="stmt" count="0"/>
      <line num="263" type="method" name="containsAll" visibility="public" complexity="3" crap="12" count="0"/>
      <line num="265" type="stmt" count="0"/>
      <line num="266" type="stmt" count="0"/>
      <line num="267" type="stmt" count="0"/>
      <line num="272" type="stmt" count="0"/>
      <line num="283" type="method" name="contains" visibility="public" complexity="1" crap="2" count="0"/>
      <line num="285" type="stmt" count="0"/>
      <line num="294" type="method" name="containsAny" visibility="public" complexity="3" crap="12" count="0"/>
      <line num="296" type="stmt" count="0"/>
      <line num="297" type="stmt" count="0"/>
      <line num="298" type="stmt" count="0"/>
      <line num="301" type="stmt" count="0"/>
      <line num="310" type="method" name="containsNone" visibility="public" complexity="3" crap="12" count="0"/>
      <line num="312" type="stmt" count="0"/>
      <line num="313" type="stmt" count="0"/>
      <line num="314" type="stmt" count="0"/>
      <line num="317" type="stmt" count="0"/>
      <line num="325" type="method" name="isEmpty" visibility="public" complexity="1" crap="2" count="0"/>
      <line num="327" type="stmt" count="0"/>
      <line num="336" type="method" name="equals" visibility="public" complexity="3" crap="12" count="0"/>
      <line num="338" type="stmt" count="0"/>
      <line num="349" type="method" name="subset" visibility="public" complexity="2" crap="6" count="0"/>
      <line num="351" type="stmt" count="0"/>
      <line num="360" type="method" name="properSubset" visibility="public" complexity="2" crap="6" count="0"/>
      <line num="362" type="stmt" count="0"/>
      <line num="371" type="method" name="superset" visibility="public" complexity="1" crap="2" count="0"/>
      <line num="373" type="stmt" count="0"/>
      <line num="382" type="method" name="properSuperset" visibility="public" complexity="1" crap="2" count="0"/>
      <line num="384" type="stmt" count="0"/>
      <line num="393" type="method" name="disjoint" visibility="public" complexity="1" crap="2" count="0"/>
      <line num="395" type="stmt" count="0"/>
      <line num="401" type="method" name="__toString" visibility="public" complexity="1" crap="2" count="0"/>
      <line num="403" type="stmt" count="0"/>
      <line num="414" type="method" name="count" visibility="public" complexity="1" crap="2" count="0"/>
      <line num="416" type="stmt" count="0"/>
      <line num="425" type="method" name="getIterator" visibility="public" complexity="1" crap="2" count="0"/>
      <line num="427" type="stmt" count="0"/>
      <metrics loc="430" ncloc="222" classes="1" methods="28" coveredmethods="0" conditionals="0" coveredconditionals="0" statements="60" coveredstatements="0" elements="88" coveredelements="0"/>
    </file>
    <file name="C:\Users\shaun\OneDrive\Documents\Projects\PHP\Superclasses\src\SetOf.php">
      <class name="Superclasses\SetOf" namespace="global">
        <metrics complexity="11" methods="5" coveredmethods="0" conditionals="0" coveredconditionals="0" statements="20" coveredstatements="0" elements="25" coveredelements="0"/>
      </class>
      <line num="26" type="method" name="__construct" visibility="public" complexity="2" crap="6" count="0"/>
      <line num="28" type="stmt" count="0"/>
      <line num="29" type="stmt" count="0"/>
      <line num="38" type="method" name="isItemAllowed" visibility="protected" complexity="1" crap="2" count="0"/>
      <line num="41" type="stmt" count="0"/>
      <line num="55" type="method" name="union" visibility="public" complexity="2" crap="6" count="0"/>
      <line num="59" type="stmt" count="0"/>
      <line num="60" type="stmt" count="0"/>
      <line num="61" type="stmt" count="0"/>
      <line num="65" type="stmt" count="0"/>
      <line num="66" type="stmt" count="0"/>
      <line num="67" type="stmt" count="0"/>
      <line num="68" type="stmt" count="0"/>
      <line num="79" type="method" name="intersect" visibility="public" complexity="3" crap="12" count="0"/>
      <line num="83" type="stmt" count="0"/>
      <line num="86" type="stmt" count="0"/>
      <line num="87" type="stmt" count="0"/>
      <line num="88" type="stmt" count="0"/>
      <line num="93" type="stmt" count="0"/>
      <line num="104" type="method" name="diff" visibility="public" complexity="3" crap="12" count="0"/>
      <line num="108" type="stmt" count="0"/>
      <line num="111" type="stmt" count="0"/>
      <line num="112" type="stmt" count="0"/>
      <line num="113" type="stmt" count="0"/>
      <line num="118" type="stmt" count="0"/>
      <metrics loc="121" ncloc="65" classes="1" methods="5" coveredmethods="0" conditionals="0" coveredconditionals="0" statements="20" coveredstatements="0" elements="25" coveredelements="0"/>
    </file>
    <file name="C:\Users\shaun\OneDrive\Documents\Projects\PHP\Superclasses\src\Stringifiable.php">
      <metrics loc="16" ncloc="10" classes="0" methods="0" coveredmethods="0" conditionals="0" coveredconditionals="0" statements="0" coveredstatements="0" elements="0" coveredelements="0"/>
    </file>
    <file name="C:\Users\shaun\OneDrive\Documents\Projects\PHP\Superclasses\src\Stringify.php">
      <class name="Superclasses\Stringify" namespace="global">
        <metrics complexity="16" methods="5" coveredmethods="0" conditionals="0" coveredconditionals="0" statements="44" coveredstatements="0" elements="49" coveredelements="0"/>
      </class>
      <line num="28" type="method" name="stringify" visibility="public" complexity="1" crap="2" count="0"/>
      <line num="31" type="stmt" count="0"/>
      <line num="34" type="stmt" count="0"/>
      <line num="35" type="stmt" count="0"/>
      <line num="36" type="stmt" count="0"/>
      <line num="37" type="stmt" count="0"/>
      <line num="38" type="stmt" count="0"/>
      <line num="39" type="stmt" count="0"/>
      <line num="40" type="stmt" count="0"/>
      <line num="49" type="method" name="stringifyFloat" visibility="public" complexity="3" crap="12" count="0"/>
      <line num="52" type="stmt" count="0"/>
      <line num="55" type="stmt" count="0"/>
      <line num="56" type="stmt" count="0"/>
      <line num="59" type="stmt" count="0"/>
      <line num="70" type="method" name="stringifyArray" visibility="public" complexity="3" crap="12" count="0"/>
      <line num="73" type="stmt" count="0"/>
      <line num="74" type="stmt" count="0"/>
      <line num="79" type="stmt" count="0"/>
      <line num="80" type="stmt" count="0"/>
      <line num="82" type="stmt" count="0"/>
      <line num="83" type="stmt" count="0"/>
      <line num="84" type="stmt" count="0"/>
      <line num="87" type="stmt" count="0"/>
      <line num="97" type="method" name="stringifyObject" visibility="public" complexity="8" crap="72" count="0"/>
      <line num="100" type="stmt" count="0"/>
      <line num="101" type="stmt" count="0"/>
      <line num="107" type="stmt" count="0"/>
      <line num="110" type="stmt" count="0"/>
      <line num="111" type="stmt" count="0"/>
      <line num="115" type="stmt" count="0"/>
      <line num="116" type="stmt" count="0"/>
      <line num="118" type="stmt" count="0"/>
      <line num="120" type="stmt" count="0"/>
      <line num="122" type="stmt" count="0"/>
      <line num="123" type="stmt" count="0"/>
      <line num="124" type="stmt" count="0"/>
      <line num="125" type="stmt" count="0"/>
      <line num="127" type="stmt" count="0"/>
      <line num="128" type="stmt" count="0"/>
      <line num="129" type="stmt" count="0"/>
      <line num="130" type="stmt" count="0"/>
      <line num="135" type="stmt" count="0"/>
      <line num="138" type="stmt" count="0"/>
      <line num="139" type="stmt" count="0"/>
      <line num="142" type="stmt" count="0"/>
      <line num="151" type="method" name="stringifyResource" visibility="public" complexity="1" crap="2" count="0"/>
      <line num="152" type="stmt" count="0"/>
      <line num="153" type="stmt" count="0"/>
      <line num="154" type="stmt" count="0"/>
      <metrics loc="157" ncloc="95" classes="1" methods="5" coveredmethods="0" conditionals="0" coveredconditionals="0" statements="44" coveredstatements="0" elements="49" coveredelements="0"/>
    </file>
    <file name="C:\Users\shaun\OneDrive\Documents\Projects\PHP\Superclasses\src\Text.php">
      <class name="Superclasses\Text" namespace="global">
        <metrics complexity="17" methods="10" coveredmethods="0" conditionals="0" coveredconditionals="0" statements="44" coveredstatements="0" elements="54" coveredelements="0"/>
      </class>
      <line num="39" type="method" name="__construct" visibility="public" complexity="5" crap="30" count="0"/>
      <line num="42" type="stmt" count="0"/>
      <line num="43" type="stmt" count="0"/>
      <line num="44" type="stmt" count="0"/>
      <line num="45" type="stmt" count="0"/>
      <line num="49" type="stmt" count="0"/>
      <line num="50" type="stmt" count="0"/>
      <line num="54" type="stmt" count="0"/>
      <line num="55" type="stmt" count="0"/>
      <line num="60" type="stmt" count="0"/>
      <line num="61" type="stmt" count="0"/>
      <line num="64" type="method" name="toLower" visibility="public" complexity="1" crap="2" count="0"/>
      <line num="66" type="stmt" count="0"/>
      <line num="67" type="stmt" count="0"/>
      <line num="70" type="method" name="toUpper" visibility="public" complexity="1" crap="2" count="0"/>
      <line num="72" type="stmt" count="0"/>
      <line num="73" type="stmt" count="0"/>
      <line num="76" type="method" name="toTitle" visibility="public" complexity="1" crap="2" count="0"/>
      <line num="78" type="stmt" count="0"/>
      <line num="79" type="stmt" count="0"/>
      <line num="82" type="method" name="caseFold" visibility="public" complexity="1" crap="2" count="0"/>
      <line num="84" type="stmt" count="0"/>
      <line num="85" type="stmt" count="0"/>
      <line num="88" type="method" name="convertEncoding" visibility="public" complexity="2" crap="6" count="0"/>
      <line num="91" type="stmt" count="0"/>
      <line num="92" type="stmt" count="0"/>
      <line num="93" type="stmt" count="0"/>
      <line num="97" type="stmt" count="0"/>
      <line num="100" type="method" name="equal" visibility="public" complexity="3" crap="12" count="0"/>
      <line num="103" type="stmt" count="0"/>
      <line num="104" type="stmt" count="0"/>
      <line num="108" type="stmt" count="0"/>
      <line num="109" type="stmt" count="0"/>
      <line num="112" type="stmt" count="0"/>
      <line num="113" type="stmt" count="0"/>
      <line num="117" type="stmt" count="0"/>
      <line num="123" type="method" name="__toString" visibility="public" complexity="1" crap="2" count="0"/>
      <line num="125" type="stmt" count="0"/>
      <line num="131" type="method" name="setDefaultDetectedEncodings" visibility="public" complexity="1" crap="2" count="0"/>
      <line num="133" type="stmt" count="0"/>
      <line num="134" type="stmt" count="0"/>
      <line num="135" type="stmt" count="0"/>
      <line num="136" type="stmt" count="0"/>
      <line num="137" type="stmt" count="0"/>
      <line num="138" type="stmt" count="0"/>
      <line num="139" type="stmt" count="0"/>
      <line num="140" type="stmt" count="0"/>
      <line num="141" type="stmt" count="0"/>
      <line num="142" type="stmt" count="0"/>
      <line num="143" type="stmt" count="0"/>
      <line num="144" type="stmt" count="0"/>
      <line num="145" type="stmt" count="0"/>
      <line num="148" type="method" name="setDetectedEncodings" visibility="public" complexity="1" crap="2" count="0"/>
      <line num="150" type="stmt" count="0"/>
      <line num="154" type="stmt" count="0"/>
      <line num="156" type="stmt" count="0"/>
      <line num="157" type="stmt" count="0"/>
      <line num="158" type="stmt" count="0"/>
      <line num="160" type="stmt" count="0"/>
      <metrics loc="161" ncloc="115" classes="1" methods="10" coveredmethods="0" conditionals="0" coveredconditionals="0" statements="49" coveredstatements="0" elements="59" coveredelements="0"/>
    </file>
    <file name="C:\Users\shaun\OneDrive\Documents\Projects\PHP\Superclasses\src\Type.php">
      <class name="Superclasses\Type" namespace="global">
        <metrics complexity="28" methods="8" coveredmethods="0" conditionals="0" coveredconditionals="0" statements="45" coveredstatements="0" elements="53" coveredelements="0"/>
      </class>
      <line num="15" type="method" name="isNumber" visibility="public" complexity="2" crap="6" count="0"/>
      <line num="17" type="stmt" count="0"/>
      <line num="26" type="method" name="isUnsignedInt" visibility="public" complexity="2" crap="6" count="0"/>
      <line num="28" type="stmt" count="0"/>
      <line num="37" type="method" name="sign" visibility="public" complexity="5" crap="30" count="0"/>
      <line num="40" type="stmt" count="0"/>
      <line num="41" type="stmt" count="0"/>
      <line num="44" type="stmt" count="0"/>
      <line num="46" type="stmt" count="0"/>
      <line num="49" type="stmt" count="0"/>
      <line num="59" type="method" name="copySign" visibility="public" complexity="3" crap="12" count="0"/>
      <line num="62" type="stmt" count="0"/>
      <line num="63" type="stmt" count="0"/>
      <line num="66" type="stmt" count="0"/>
      <line num="78" type="method" name="getClassName" visibility="public" complexity="2" crap="6" count="0"/>
      <line num="80" type="stmt" count="0"/>
      <line num="81" type="stmt" count="0"/>
      <line num="82" type="stmt" count="0"/>
      <line num="83" type="stmt" count="0"/>
      <line num="85" type="stmt" count="0"/>
      <line num="92" type="method" name="usesTrait" visibility="public" complexity="1" crap="2" count="0"/>
      <line num="94" type="stmt" count="0"/>
      <line num="95" type="stmt" count="0"/>
      <line num="101" type="method" name="getTraitsRecursive" visibility="private" complexity="3" crap="12" count="0"/>
      <line num="104" type="stmt" count="0"/>
      <line num="107" type="stmt" count="0"/>
      <line num="111" type="stmt" count="0"/>
      <line num="112" type="stmt" count="0"/>
      <line num="115" type="stmt" count="0"/>
      <line num="116" type="stmt" count="0"/>
      <line num="117" type="stmt" count="0"/>
      <line num="119" type="stmt" count="0"/>
      <line num="121" type="stmt" count="0"/>
      <line num="131" type="method" name="getStringKey" visibility="public" complexity="10" crap="110" count="0"/>
      <line num="133" type="stmt" count="0"/>
      <line num="135" type="stmt" count="0"/>
      <line num="136" type="stmt" count="0"/>
      <line num="138" type="stmt" count="0"/>
      <line num="139" type="stmt" count="0"/>
      <line num="141" type="stmt" count="0"/>
      <line num="142" type="stmt" count="0"/>
      <line num="144" type="stmt" count="0"/>
      <line num="145" type="stmt" count="0"/>
      <line num="147" type="stmt" count="0"/>
      <line num="148" type="stmt" count="0"/>
      <line num="150" type="stmt" count="0"/>
      <line num="151" type="stmt" count="0"/>
      <line num="152" type="stmt" count="0"/>
      <line num="155" type="stmt" count="0"/>
      <line num="156" type="stmt" count="0"/>
      <line num="159" type="stmt" count="0"/>
      <line num="160" type="stmt" count="0"/>
      <line num="165" type="stmt" count="0"/>
      <metrics loc="168" ncloc="114" classes="1" methods="8" coveredmethods="0" conditionals="0" coveredconditionals="0" statements="45" coveredstatements="0" elements="53" coveredelements="0"/>
    </file>
    <file name="C:\Users\shaun\OneDrive\Documents\Projects\PHP\Superclasses\src\TypeSet.php">
      <class name="Superclasses\TypeSet" namespace="global">
        <metrics complexity="59" methods="9" coveredmethods="0" conditionals="0" coveredconditionals="0" statements="83" coveredstatements="0" elements="92" coveredelements="0"/>
      </class>
      <line num="17" type="method" name="__construct" visibility="public" complexity="6" crap="42" count="0"/>
      <line num="19" type="stmt" count="0"/>
      <line num="22" type="stmt" count="0"/>
      <line num="23" type="stmt" count="0"/>
      <line num="27" type="stmt" count="0"/>
      <line num="29" type="stmt" count="0"/>
      <line num="30" type="stmt" count="0"/>
      <line num="34" type="stmt" count="0"/>
      <line num="37" type="stmt" count="0"/>
      <line num="39" type="stmt" count="0"/>
      <line num="41" type="stmt" count="0"/>
      <line num="59" type="method" name="isItemAllowed" visibility="public" complexity="4" crap="20" count="0"/>
      <line num="63" type="stmt" count="0"/>
      <line num="64" type="stmt" count="0"/>
      <line num="67" type="stmt" count="0"/>
      <line num="70" type="stmt" count="0"/>
      <line num="71" type="stmt" count="0"/>
      <line num="75" type="stmt" count="0"/>
      <line num="76" type="stmt" count="0"/>
      <line num="80" type="stmt" count="0"/>
      <line num="81" type="stmt" count="0"/>
      <line num="82" type="stmt" count="0"/>
      <line num="91" type="method" name="addOne" visibility="public" complexity="1" crap="2" count="0"/>
      <line num="95" type="stmt" count="0"/>
      <line num="98" type="stmt" count="0"/>
      <line num="101" type="stmt" count="0"/>
      <line num="111" type="method" name="getValueType" visibility="public" complexity="5" crap="30" count="0"/>
      <line num="113" type="stmt" count="0"/>
      <line num="116" type="stmt" count="0"/>
      <line num="118" type="stmt" count="0"/>
      <line num="122" type="stmt" count="0"/>
      <line num="124" type="stmt" count="0"/>
      <line num="125" type="stmt" count="0"/>
      <line num="129" type="stmt" count="0"/>
      <line num="138" type="method" name="addValueType" visibility="public" complexity="1" crap="2" count="0"/>
      <line num="140" type="stmt" count="0"/>
      <line num="149" type="method" name="match" visibility="public" complexity="24" crap="600" count="0"/>
      <line num="152" type="stmt" count="0"/>
      <line num="153" type="stmt" count="0"/>
      <line num="157" type="stmt" count="0"/>
      <line num="158" type="stmt" count="0"/>
      <line num="162" type="stmt" count="0"/>
      <line num="163" type="stmt" count="0"/>
      <line num="167" type="stmt" count="0"/>
      <line num="168" type="stmt" count="0"/>
      <line num="172" type="stmt" count="0"/>
      <line num="173" type="stmt" count="0"/>
      <line num="177" type="stmt" count="0"/>
      <line num="179" type="stmt" count="0"/>
      <line num="180" type="stmt" count="0"/>
      <line num="184" type="stmt" count="0"/>
      <line num="186" type="stmt" count="0"/>
      <line num="187" type="stmt" count="0"/>
      <line num="191" type="stmt" count="0"/>
      <line num="192" type="stmt" count="0"/>
      <line num="198" type="stmt" count="0"/>
      <line num="199" type="stmt" count="0"/>
      <line num="200" type="stmt" count="0"/>
      <line num="202" type="stmt" count="0"/>
      <line num="206" type="stmt" count="0"/>
      <line num="207" type="stmt" count="0"/>
      <line num="211" type="stmt" count="0"/>
      <line num="212" type="stmt" count="0"/>
      <line num="215" type="stmt" count="0"/>
      <line num="223" type="method" name="isNullOnly" visibility="public" complexity="2" crap="6" count="0"/>
      <line num="225" type="stmt" count="0"/>
      <line num="233" type="method" name="simplify" visibility="private" complexity="15" crap="240" count="0"/>
      <line num="236" type="stmt" count="0"/>
      <line num="237" type="stmt" count="0"/>
      <line num="238" type="stmt" count="0"/>
      <line num="242" type="stmt" count="0"/>
      <line num="243" type="stmt" count="0"/>
      <line num="245" type="stmt" count="0"/>
      <line num="246" type="stmt" count="0"/>
      <line num="250" type="stmt" count="0"/>
      <line num="251" type="stmt" count="0"/>
      <line num="252" type="stmt" count="0"/>
      <line num="256" type="stmt" count="0"/>
      <line num="257" type="stmt" count="0"/>
      <line num="258" type="stmt" count="0"/>
      <line num="262" type="stmt" count="0"/>
      <line num="263" type="stmt" count="0"/>
      <line num="267" type="stmt" count="0"/>
      <line num="268" type="stmt" count="0"/>
      <line num="270" type="stmt" count="0"/>
      <line num="271" type="stmt" count="0"/>
      <line num="277" type="stmt" count="0"/>
      <line num="278" type="stmt" count="0"/>
      <line num="280" type="stmt" count="0"/>
      <line num="281" type="stmt" count="0"/>
      <line num="290" type="method" name="__toString" visibility="public" complexity="1" crap="2" count="0"/>
      <line num="292" type="stmt" count="0"/>
      <metrics loc="295" ncloc="199" classes="1" methods="9" coveredmethods="0" conditionals="0" coveredconditionals="0" statements="83" coveredstatements="0" elements="92" coveredelements="0"/>
    </file>
    <metrics files="15" loc="6088" ncloc="3542" classes="14" methods="272" coveredmethods="0" conditionals="0" coveredconditionals="0" statements="1246" coveredstatements="0" elements="1518" coveredelements="0"/>
  </project>
</coverage>
